#
# There is insufficient memory for the Java Runtime Environment to continue.
# Native memory allocation (mmap) failed to map 268435456 bytes for G1 virtual space
# Possible reasons:
#   The system is out of physical RAM or swap space
#   The process is running with CompressedOops enabled, and the Java Heap may be blocking the growth of the native heap
# Possible solutions:
#   Reduce memory load on the system
#   Increase physical memory or swap space
#   Check if swap backing store is full
#   Decrease Java heap size (-Xmx/-Xms)
#   Decrease number of Java threads
#   Decrease Java thread stack sizes (-Xss)
#   Set larger code cache with -XX:ReservedCodeCacheSize=
#   JVM is running with Zero Based Compressed Oops mode in which the Java heap is
#     placed in the first 32GB address space. The Java Heap base address is the
#     maximum limit for the native heap growth. Please use -XX:HeapBaseMinAddress
#     to set the Java Heap base and to place the Java Heap above 32GB virtual address.
# This output file may be truncated or incomplete.
#
#  Out of Memory Error (os_windows.cpp:3600), pid=17384, tid=12348
#
# JRE version:  (21.0.1+12) (build )
# Java VM: Java HotSpot(TM) 64-Bit Server VM (21.0.1+12-LTS-29, mixed mode, sharing, tiered, compressed oops, compressed class ptrs, g1 gc, windows-amd64)
# No core dump will be written. Minidumps are not enabled by default on client versions of Windows
#

---------------  S U M M A R Y ------------

Command Line: --module-path=/Users/yorgo/Downloads/javafx-sdk-17.0.9/lib --add-modules=javafx.controls,javafx.graphics,javafx.fxml -XX:+ShowCodeDetailsInExceptionMessages application.Main

Host: Intel(R) Core(TM) i7-7700HQ CPU @ 2.80GHz, 8 cores, 15G,  Windows 10 , 64 bit Build 19041 (10.0.19041.3636)
Time: Thu Dec 14 21:57:35 2023 Middle East Standard Time elapsed time: 0.013528 seconds (0d 0h 0m 0s)

---------------  T H R E A D  ---------------

Current thread (0x0000021b19e9a0d0):  JavaThread "Unknown thread" [_thread_in_vm, id=12348, stack(0x000000fd84800000,0x000000fd84900000) (1024K)]

Stack: [0x000000fd84800000,0x000000fd84900000]
Native frames: (J=compiled Java code, j=interpreted, Vv=VM code, C=native code)
V  [jvm.dll+0x6c9029]
V  [jvm.dll+0x854b81]
V  [jvm.dll+0x856e5e]
V  [jvm.dll+0x857543]
V  [jvm.dll+0x280c06]
V  [jvm.dll+0x6c5715]
V  [jvm.dll+0x6ba10a]
V  [jvm.dll+0x3557ea]
V  [jvm.dll+0x35d436]
V  [jvm.dll+0x3ae1be]
V  [jvm.dll+0x3ae468]
V  [jvm.dll+0x3291fc]
V  [jvm.dll+0x329d8b]
V  [jvm.dll+0x81d179]
V  [jvm.dll+0x3bb4f1]
V  [jvm.dll+0x805ae8]
V  [jvm.dll+0x44effe]
V  [jvm.dll+0x450901]
C  [jli.dll+0x52a3]
C  [ucrtbase.dll+0x21bb2]
C  [KERNEL32.DLL+0x17344]
C  [ntdll.dll+0x526b1]


---------------  P R O C E S S  ---------------

Threads class SMR info:
_java_thread_list=0x00007ffd59ec9b88, length=0, elements={
}

Java Threads: ( => current thread )
Total: 0

Other Threads:
  0x0000021b1c0c88f0 WorkerThread "GC Thread#0"                     [id=17244, stack(0x000000fd84900000,0x000000fd84a00000) (1024K)]
  0x0000021b1c0db0f0 ConcurrentGCThread "G1 Main Marker"            [id=9164, stack(0x000000fd84a00000,0x000000fd84b00000) (1024K)]
  0x0000021b1c0dc390 WorkerThread "G1 Conc#0"                       [id=1412, stack(0x000000fd84b00000,0x000000fd84c00000) (1024K)]

[error occurred during error reporting (printing all threads), id 0xc0000005, EXCEPTION_ACCESS_VIOLATION (0xc0000005) at pc=0x00007ffd5963c2c7]
VM state: not at safepoint (not fully initialized)

VM Mutex/Monitor currently owned by a thread:  ([mutex/lock_event])
[0x00007ffd59f3a6f8] Heap_lock - owner thread: 0x0000021b19e9a0d0

Heap address: 0x0000000701a00000, size: 4070 MB, Compressed Oops mode: Zero based, Oop shift amount: 3

CDS archive(s) mapped at: [0x0000000000000000-0x0000000000000000-0x0000000000000000), size 0, SharedBaseAddress: 0x0000000800000000, ArchiveRelocationMode: 1.
Narrow klass base: 0x0000000000000000, Narrow klass shift: 0, Narrow klass range: 0x0

GC Precious Log:
 CardTable entry size: 512
 Card Set container configuration: InlinePtr #cards 4 size 8 Array Of Cards #cards 16 size 48 Howl #buckets 8 coarsen threshold 3686 Howl Bitmap #cards 512 size 80 coarsen threshold 460 Card regions per heap region 1 cards per card region 4096

Heap:
 garbage-first heap   total 0K, used 0K [0x0000000701a00000, 0x0000000800000000)
  region size 2048K, 0 young (0K), 0 survivors (0K)

[error occurred during error reporting (printing heap information), id 0xc0000005, EXCEPTION_ACCESS_VIOLATION (0xc0000005) at pc=0x00007ffd59a21be9]
GC Heap History (0 events):
No events

Dll operation events (1 events):
Event: 0.007 Loaded shared library C:\Program Files\Java\jdk-21\bin\java.dll

Deoptimization events (0 events):
No events

Classes loaded (0 events):
No events

Classes unloaded (0 events):
No events

Classes redefined (0 events):
No events

Internal exceptions (0 events):
No events

ZGC Phase Switch (0 events):
No events

VM Operations (0 events):
No events

Events (0 events):
No events


Dynamic libraries:
0x00007ff761610000 - 0x00007ff761620000 	C:\Program Files\Java\jdk-21\bin\java.exe
0x00007ffdcbb70000 - 0x00007ffdcbd68000 	C:\Windows\SYSTEM32\ntdll.dll
0x00007ffdc9bd0000 - 0x00007ffdc9c8d000 	C:\Windows\System32\KERNEL32.DLL
0x00007ffdc96e0000 - 0x00007ffdc99d6000 	C:\Windows\System32\KERNELBASE.dll
0x00007ffdc95e0000 - 0x00007ffdc96e0000 	C:\Windows\System32\ucrtbase.dll
0x00007ffda2d90000 - 0x00007ffda2da9000 	C:\Program Files\Java\jdk-21\bin\jli.dll
0x00007ffdb2530000 - 0x00007ffdb254b000 	C:\Program Files\Java\jdk-21\bin\VCRUNTIME140.dll
0x00007ffdca930000 - 0x00007ffdca9df000 	C:\Windows\System32\ADVAPI32.dll
0x00007ffdcab70000 - 0x00007ffdcac0e000 	C:\Windows\System32\msvcrt.dll
0x00007ffdca9e0000 - 0x00007ffdcaa7c000 	C:\Windows\System32\sechost.dll
0x00007ffdcb890000 - 0x00007ffdcb9b6000 	C:\Windows\System32\RPCRT4.dll
0x00007ffdc9f90000 - 0x00007ffdca12e000 	C:\Windows\System32\USER32.dll
0x00007ffdc9b70000 - 0x00007ffdc9b92000 	C:\Windows\System32\win32u.dll
0x00007ffdb6310000 - 0x00007ffdb65aa000 	C:\Windows\WinSxS\amd64_microsoft.windows.common-controls_6595b64144ccf1df_6.0.19041.3636_none_60b6a03d71f818d5\COMCTL32.dll
0x00007ffdc9f60000 - 0x00007ffdc9f8c000 	C:\Windows\System32\GDI32.dll
0x00007ffdc9a50000 - 0x00007ffdc9b6a000 	C:\Windows\System32\gdi32full.dll
0x00007ffdc9250000 - 0x00007ffdc92ed000 	C:\Windows\System32\msvcp_win.dll
0x00007ffdc29f0000 - 0x00007ffdc29fa000 	C:\Windows\SYSTEM32\VERSION.dll
0x00007ffdcafe0000 - 0x00007ffdcb010000 	C:\Windows\System32\IMM32.DLL
0x00007ffdb2520000 - 0x00007ffdb252c000 	C:\Program Files\Java\jdk-21\bin\vcruntime140_1.dll
0x00007ffda01f0000 - 0x00007ffda027e000 	C:\Program Files\Java\jdk-21\bin\msvcp140.dll
0x00007ffd59300000 - 0x00007ffd5a015000 	C:\Program Files\Java\jdk-21\bin\server\jvm.dll
0x00007ffdca1f0000 - 0x00007ffdca25b000 	C:\Windows\System32\WS2_32.dll
0x00007ffdc8800000 - 0x00007ffdc884b000 	C:\Windows\SYSTEM32\POWRPROF.dll
0x00007ffdb4800000 - 0x00007ffdb4827000 	C:\Windows\SYSTEM32\WINMM.dll
0x00007ffdc8670000 - 0x00007ffdc8682000 	C:\Windows\SYSTEM32\UMPDC.dll
0x00007ffdc7aa0000 - 0x00007ffdc7ab2000 	C:\Windows\SYSTEM32\kernel.appcore.dll
0x00007ffda4b40000 - 0x00007ffda4b4a000 	C:\Program Files\Java\jdk-21\bin\jimage.dll
0x00007ffdc70e0000 - 0x00007ffdc72c4000 	C:\Windows\SYSTEM32\DBGHELP.DLL
0x00007ffdb0ca0000 - 0x00007ffdb0cd4000 	C:\Windows\SYSTEM32\dbgcore.DLL
0x00007ffdc9340000 - 0x00007ffdc93c2000 	C:\Windows\System32\bcryptPrimitives.dll
0x00007ffda2d70000 - 0x00007ffda2d8f000 	C:\Program Files\Java\jdk-21\bin\java.dll

dbghelp: loaded successfully - version: 4.0.5 - missing functions: none
symbol engine: initialized successfully - sym options: 0x614 - pdb path: .;C:\Program Files\Java\jdk-21\bin;C:\Windows\SYSTEM32;C:\Windows\WinSxS\amd64_microsoft.windows.common-controls_6595b64144ccf1df_6.0.19041.3636_none_60b6a03d71f818d5;C:\Program Files\Java\jdk-21\bin\server

VM Arguments:
jvm_args: --module-path=/Users/yorgo/Downloads/javafx-sdk-17.0.9/lib --add-modules=javafx.controls,javafx.graphics,javafx.fxml -XX:+ShowCodeDetailsInExceptionMessages 
java_command: application.Main
java_class_path (initial): C:\Users\yorgo\AppData\Roaming\Code\User\workspaceStorage\a19a1447cf9490fa065d1ce3c3e5176d\redhat.java\jdt_ws\carMeT_a0407480\bin;c:\Users\yorgo\Downloads\javafx-sdk-17.0.9\lib\javafx.base.jar;c:\Users\yorgo\Downloads\javafx-sdk-17.0.9\lib\javafx.graphics.jar;c:\Users\yorgo\Downloads\javafx-sdk-17.0.9\lib\javafx.web.jar;c:\Users\yorgo\Downloads\javafx-sdk-17.0.9\lib\javafx-swt.jar;c:\Users\yorgo\Downloads\javafx-sdk-17.0.9\lib\javafx.swing.jar;c:\Users\yorgo\Downloads\javafx-sdk-17.0.9\lib\javafx.fxml.jar;c:\Users\yorgo\Downloads\javafx-sdk-17.0.9\lib\javafx.media.jar;c:\Users\yorgo\Downloads\javafx-sdk-17.0.9\lib\javafx.controls.jar;c:\Users\yorgo\OneDrive\Desktop\university work\Fall 2023\COE418\Project\carMeT\CarMeT\lib\mysql-connector-java-8.0.25.jar
Launcher Type: SUN_STANDARD

[Global flags]
     intx CICompilerCount                          = 4                                         {product} {ergonomic}
     uint ConcGCThreads                            = 2                                         {product} {ergonomic}
     uint G1ConcRefinementThreads                  = 8                                         {product} {ergonomic}
   size_t G1HeapRegionSize                         = 2097152                                   {product} {ergonomic}
    uintx GCDrainStackTargetSize                   = 64                                        {product} {ergonomic}
   size_t InitialHeapSize                          = 268435456                                 {product} {ergonomic}
   size_t MarkStackSize                            = 4194304                                   {product} {ergonomic}
   size_t MaxHeapSize                              = 4267704320                                {product} {ergonomic}
   size_t MinHeapDeltaBytes                        = 2097152                                   {product} {ergonomic}
   size_t MinHeapSize                              = 8388608                                   {product} {ergonomic}
    uintx NonNMethodCodeHeapSize                   = 5839372                                {pd product} {ergonomic}
    uintx NonProfiledCodeHeapSize                  = 122909434                              {pd product} {ergonomic}
    uintx ProfiledCodeHeapSize                     = 122909434                              {pd product} {ergonomic}
    uintx ReservedCodeCacheSize                    = 251658240                              {pd product} {ergonomic}
     bool SegmentedCodeCache                       = true                                      {product} {ergonomic}
     bool ShowCodeDetailsInExceptionMessages       = true                                   {manageable} {command line}
   size_t SoftMaxHeapSize                          = 4267704320                             {manageable} {ergonomic}
     bool UseCompressedOops                        = true                           {product lp64_product} {ergonomic}
     bool UseG1GC                                  = true                                      {product} {ergonomic}
     bool UseLargePagesIndividualAllocation        = false                                  {pd product} {ergonomic}

Logging:
Log output configuration:
 #0: stdout all=warning uptime,level,tags foldmultilines=false
 #1: stderr all=off uptime,level,tags foldmultilines=false

Environment Variables:
PATH=C:\Program Files\Java\jdk-21;C:\Program Files\Microsoft\jdk-11.0.16.101-hotspot\bin;C:\Windows\system32;C:\Windows;C:\Windows\System32\Wbem;C:\Windows\System32\WindowsPowerShell\v1.0\;C:\Windows\System32\OpenSSH\;d:\apps\quartus\quartus\bin;C:\Program Files\NVIDIA Corporation\NVIDIA NvDLISR;C:\Program Files (x86)\NVIDIA Corporation\PhysX\Common;C:\Program Files\Microsoft SQL Server\150\Tools\Binn\;C:\Program Files\Microsoft SQL Server\Client SDK\ODBC\170\Tools\Binn\;C:\Program Files\dotnet\;D:\Apps\Matlab\bin;C:\Program Files\Git\cmd;C:\Program Files\MySQL\MySQL Shell 8.0\bin\;C:\Users\yorgo\AppData\Local\Programs\Python\Python311\Scripts\;C:\Users\yorgo\AppData\Local\Programs\Python\Python311\;D:\Apps\PSpice\tools\pcb\bin;D:\Apps\PSpice\tools\fet\bin;D:\Apps\PSpice\OpenAccess\bin\win32\opt;D:\Apps\PSpice\tools\bin;D:\Apps\PSpice\tools\Capture;D:\Apps\PSpice\tools\PSpice\Library;D:\Apps\PSpice\tools\PSpice;C:\Users\yorgo\AppData\Local\Microsoft\WindowsApps;C:\Users\yorgo\AppData\Local\Programs\Microsoft VS Code\bin;C:\Users\yorgo\.dotnet\tools;D:\Apps\IntelliJ IDEA 2023.2.5\bin;
USERNAME=yorgo
LANG=en_US.UTF-8
OS=Windows_NT
PROCESSOR_IDENTIFIER=Intel64 Family 6 Model 158 Stepping 9, GenuineIntel
TMP=C:\Users\yorgo\AppData\Local\Temp
TEMP=C:\Users\yorgo\AppData\Local\Temp




Periodic native trim disabled

---------------  S Y S T E M  ---------------

OS:
 Windows 10 , 64 bit Build 19041 (10.0.19041.3636)
OS uptime: 0 days 10:03 hours

CPU: total 8 (initial active 8) (4 cores per cpu, 2 threads per core) family 6 model 158 stepping 9 microcode 0xb4, cx8, cmov, fxsr, ht, mmx, 3dnowpref, sse, sse2, sse3, ssse3, sse4.1, sse4.2, popcnt, lzcnt, tsc, tscinvbit, avx, avx2, aes, erms, clmul, bmi1, bmi2, adx, fma, vzeroupper, clflush, clflushopt, rdtscp, f16c
Processor Information for all 8 processors :
  Max Mhz: 2801, Current Mhz: 2800, Mhz Limit: 2772

Memory: 4k page, system-wide physical 16276M (7044M free)
TotalPageFile size 30315M (AvailPageFile size 170M)
current process WorkingSet (physical memory assigned to process): 10M, peak: 10M
current process commit charge ("private bytes"): 60M, peak: 316M

vm_info: Java HotSpot(TM) 64-Bit Server VM (21.0.1+12-LTS-29) for windows-amd64 JRE (21.0.1+12-LTS-29), built on 2023-10-05T13:27:09Z by "mach5one" with MS VC++ 17.1 (VS2022)

END.
